{"/home/tsokos/Desktop/Projects/Javascript/mySearch/STACK/app/models/userModel.js":{"path":"/home/tsokos/Desktop/Projects/Javascript/mySearch/STACK/app/models/userModel.js","s":{"1":1,"2":1,"3":1,"4":1,"5":1,"6":0,"7":0,"8":1,"9":0,"10":0,"11":0,"12":1},"b":{},"f":{"1":0,"2":0},"fnMap":{"1":{"name":"(anonymous_1)","line":31,"loc":{"start":{"line":31,"column":34},"end":{"line":31,"column":53}}},"2":{"name":"(anonymous_2)","line":37,"loc":{"start":{"line":37,"column":35},"end":{"line":37,"column":54}}}},"statementMap":{"1":{"start":{"line":6,"column":0},"end":{"line":6,"column":31}},"2":{"start":{"line":10,"column":0},"end":{"line":10,"column":35}},"3":{"start":{"line":11,"column":0},"end":{"line":11,"column":31}},"4":{"start":{"line":14,"column":0},"end":{"line":26,"column":3}},"5":{"start":{"line":31,"column":0},"end":{"line":34,"column":2}},"6":{"start":{"line":32,"column":4},"end":{"line":32,"column":40}},"7":{"start":{"line":33,"column":4},"end":{"line":33,"column":47}},"8":{"start":{"line":37,"column":0},"end":{"line":42,"column":2}},"9":{"start":{"line":38,"column":4},"end":{"line":38,"column":40}},"10":{"start":{"line":39,"column":1},"end":{"line":39,"column":48}},"11":{"start":{"line":41,"column":4},"end":{"line":41,"column":37}},"12":{"start":{"line":44,"column":0},"end":{"line":44,"column":52}}},"branchMap":{}}}